[debug] [2025-08-01T23:20:25.802Z] ----------------------------------------------------------------------
[debug] [2025-08-01T23:20:25.805Z] Command:       C:\Program Files\nodejs\node.exe C:\Users\gaeta\AppData\Roaming\npm\node_modules\firebase-tools\lib\bin\firebase.js init hosting
[debug] [2025-08-01T23:20:25.805Z] CLI Version:   14.11.2
[debug] [2025-08-01T23:20:25.806Z] Platform:      win32
[debug] [2025-08-01T23:20:25.806Z] Node Version:  v20.11.1
[debug] [2025-08-01T23:20:25.806Z] Time:          Fri Aug 01 2025 19:20:25 GMT-0400 (Eastern Daylight Time)
[debug] [2025-08-01T23:20:25.806Z] ----------------------------------------------------------------------
[debug] 
[debug] [2025-08-01T23:20:25.810Z] > command requires scopes: ["email","openid","https://www.googleapis.com/auth/cloudplatformprojects.readonly","https://www.googleapis.com/auth/firebase","https://www.googleapis.com/auth/cloud-platform"]
[debug] [2025-08-01T23:20:25.811Z] > authorizing via signed-in user (gaetanopanzer01@gmail.com)
[info] 
     ######## #### ########  ######## ########     ###     ######  ########
     ##        ##  ##     ## ##       ##     ##  ##   ##  ##       ##
     ######    ##  ########  ######   ########  #########  ######  ######
     ##        ##  ##    ##  ##       ##     ## ##     ##       ## ##
     ##       #### ##     ## ######## ########  ##     ##  ######  ########

You're about to initialize a Firebase project in this directory:

  C:\Users\gaeta\bidding-app

[info] 
=== Project Setup
[info] 
[info] First, let's associate this project directory with a Firebase project.
[info] You can create multiple project aliases by running firebase use --add, 
[info] but for now we'll just set up a default project.
[info] 
